<?xml version="1.0" encoding="UTF-8"?>
<!-- Generated by org.testng.reporters.JUnitReportReporter -->
<testsuite hostname="user13" failures="0" tests="1" name="TestScripts.FileUploadTest" time="2.876" errors="0" timestamp="2024-11-07T11:09:00 IST" skipped="0">
  <testcase classname="TestScripts.FileUploadTest" name="fileUpload" time="2.876"/>
  <system-out/>
</testsuite> <!-- TestScripts.FileUploadTest -->
