<?xml version="1.0" encoding="UTF-8"?>
<!-- Generated by org.testng.reporters.JUnitReportReporter -->
<testsuite hostname="user13" failures="0" tests="1" name="TestScripts.XpathsTest" time="6.733" errors="0" timestamp="2024-10-29T12:49:54 IST" skipped="0">
  <testcase classname="TestScripts.XpathsTest" name="f" time="6.733"/>
  <system-out/>
</testsuite> <!-- TestScripts.XpathsTest -->
