<?xml version="1.0" encoding="UTF-8"?>
<!-- Generated by org.testng.reporters.JUnitReportReporter -->
<testsuite hostname="user13" failures="0" tests="1" name="TestScripts.TableInspectionTest" time="11.649" errors="0" timestamp="2024-10-30T10:36:38 IST" skipped="0">
  <testcase classname="TestScripts.TableInspectionTest" name="f" time="11.649"/>
  <system-out/>
</testsuite> <!-- TestScripts.TableInspectionTest -->
