<?xml version="1.0" encoding="UTF-8"?>
<!-- Generated by org.testng.reporters.JUnitReportReporter -->
<testsuite hostname="user13" failures="0" tests="1" name="TestScripts.MouseActionsTest" time="24.492" errors="0" timestamp="2024-11-05T10:06:02 IST" skipped="0">
  <testcase classname="TestScripts.MouseActionsTest" name="MouseActions" time="24.492"/>
  <system-out/>
</testsuite> <!-- TestScripts.MouseActionsTest -->
