<?xml version="1.0" encoding="UTF-8"?>
<!-- Generated by org.testng.reporters.JUnitReportReporter -->
<testsuite hostname="user13" failures="0" tests="1" name="TestScripts.DropdownTest" time="32.672" errors="0" timestamp="2024-11-04T11:34:27 IST" skipped="0">
  <testcase classname="TestScripts.DropdownTest" name="DropdownTest" time="32.672"/>
  <system-out/>
</testsuite> <!-- TestScripts.DropdownTest -->
