<?xml version="1.0" encoding="UTF-8"?>
<!-- Generated by org.testng.reporters.JUnitReportReporter -->
<testsuite hostname="user13" failures="0" tests="1" name="TestScripts.WebElementMethodsTest" time="6.726" errors="0" timestamp="2024-11-04T10:36:06 IST" skipped="0">
  <testcase classname="TestScripts.WebElementMethodsTest" name="DispalyMenthod" time="6.726"/>
  <system-out/>
</testsuite> <!-- TestScripts.WebElementMethodsTest -->
